
*** Running vivado
    with args -log clk_wiz_01.vds -m64 -product Vivado -mode batch -messageDb vivado.pb -notrace -source clk_wiz_01.tcl


****** Vivado v2023.1 (64-bit)
  **** SW Build 3865809 on Sun May  7 15:04:56 MDT 2023
  **** IP Build 3864474 on Sun May  7 20:36:21 MDT 2023
  **** SharedData Build 3865790 on Sun May 07 13:33:03 MDT 2023
    ** Copyright 1986-2022 Xilinx, Inc. All Rights Reserved.
    ** Copyright 2022-2023 Advanced Micro Devices, Inc. All Rights Reserved.

source clk_wiz_01.tcl -notrace
create_project: Time (s): cpu = 00:00:15 ; elapsed = 00:00:15 . Memory (MB): peak = 1280.668 ; gain = 0.023 ; free physical = 5079 ; free virtual = 9712
INFO: [IP_Flow 19-234] Refreshing IP repositories
INFO: [IP_Flow 19-1700] Loaded user IP repository '/home/bzhao30/ENGS128/Lab4/hw/hw.ipdefs/repo'.
INFO: [IP_Flow 19-2313] Loaded Vivado IP repository '/opt/xilinx/Vivado/2023.1/data/ip'.
INFO: [IP_Flow 19-6924] IPCACHE: Running cache check for IP inst: clk_wiz_01
INFO: [IP_Flow 19-6922] IPCACHE: Exporting cached entry 2ff0762c96f1e421 to dir: /home/bzhao30/ENGS128/Lab4/hw/hw.runs/clk_wiz_01_synth_1
INFO: [IP_Flow 19-6928] IPCACHE: copied cached file /home/bzhao30/ENGS128/Lab4/hw/hw.cache/ip/2023.1/2/f/2ff0762c96f1e421/clk_wiz_01_sim_netlist.v to /home/bzhao30/ENGS128/Lab4/hw/hw.runs/clk_wiz_01_synth_1/clk_wiz_01_sim_netlist.v.
INFO: [IP_Flow 19-6928] IPCACHE: copied cached file /home/bzhao30/ENGS128/Lab4/hw/hw.cache/ip/2023.1/2/f/2ff0762c96f1e421/clk_wiz_01_stub.v to /home/bzhao30/ENGS128/Lab4/hw/hw.runs/clk_wiz_01_synth_1/clk_wiz_01_stub.v.
INFO: [IP_Flow 19-6928] IPCACHE: copied cached file /home/bzhao30/ENGS128/Lab4/hw/hw.cache/ip/2023.1/2/f/2ff0762c96f1e421/clk_wiz_01_stub.vhdl to /home/bzhao30/ENGS128/Lab4/hw/hw.runs/clk_wiz_01_synth_1/clk_wiz_01_stub.vhdl.
INFO: [IP_Flow 19-6928] IPCACHE: copied cached file /home/bzhao30/ENGS128/Lab4/hw/hw.cache/ip/2023.1/2/f/2ff0762c96f1e421/clk_wiz_01.dcp to /home/bzhao30/ENGS128/Lab4/hw/hw.runs/clk_wiz_01_synth_1/clk_wiz_01.dcp.
INFO: [IP_Flow 19-6928] IPCACHE: copied cached file /home/bzhao30/ENGS128/Lab4/hw/hw.cache/ip/2023.1/2/f/2ff0762c96f1e421/clk_wiz_01_sim_netlist.vhdl to /home/bzhao30/ENGS128/Lab4/hw/hw.runs/clk_wiz_01_synth_1/clk_wiz_01_sim_netlist.vhdl.
INFO: [IP_Flow 19-4838] Using cached IP synthesis design for IP clk_wiz_01, cache-ID = 2ff0762c96f1e421.
INFO: [Common 17-206] Exiting Vivado at Tue May 27 11:34:57 2025...
