
*** Running vivado
    with args -log design_1_axis_subset_converter_in_0.vds -m64 -product Vivado -mode batch -messageDb vivado.pb -notrace -source design_1_axis_subset_converter_in_0.tcl


****** Vivado v2023.1 (64-bit)
  **** SW Build 3865809 on Sun May  7 15:04:56 MDT 2023
  **** IP Build 3864474 on Sun May  7 20:36:21 MDT 2023
  **** SharedData Build 3865790 on Sun May 07 13:33:03 MDT 2023
    ** Copyright 1986-2022 Xilinx, Inc. All Rights Reserved.
    ** Copyright 2022-2023 Advanced Micro Devices, Inc. All Rights Reserved.

source design_1_axis_subset_converter_in_0.tcl -notrace
create_project: Time (s): cpu = 00:00:11 ; elapsed = 00:00:11 . Memory (MB): peak = 1335.859 ; gain = 0.023 ; free physical = 3515 ; free virtual = 6144
INFO: [IP_Flow 19-234] Refreshing IP repositories
INFO: [IP_Flow 19-1700] Loaded user IP repository '/home/bzhao30/ENGS128/Lab4/hw/hw.ipdefs/repo'.
INFO: [IP_Flow 19-2313] Loaded Vivado IP repository '/opt/xilinx/Vivado/2023.1/data/ip'.
INFO: [IP_Flow 19-6924] IPCACHE: Running cache check for IP inst: design_1_axis_subset_converter_in_0
Command: synth_design -top design_1_axis_subset_converter_in_0 -part xc7z010clg400-1 -incremental_mode off -mode out_of_context
Starting synth_design
Attempting to get a license for feature 'Synthesis' and/or device 'xc7z010'
INFO: [Common 17-349] Got license for feature 'Synthesis' and/or device 'xc7z010'
INFO: [Device 21-403] Loading part xc7z010clg400-1
INFO: [Synth 8-7079] Multithreading enabled for synth_design using a maximum of 4 processes.
INFO: [Synth 8-7078] Launching helper process for spawning children vivado processes
INFO: [Synth 8-7075] Helper process launched with PID 8203
---------------------------------------------------------------------------------
Starting RTL Elaboration : Time (s): cpu = 00:00:06 ; elapsed = 00:00:06 . Memory (MB): peak = 2006.051 ; gain = 378.680 ; free physical = 1522 ; free virtual = 4174
---------------------------------------------------------------------------------
INFO: [Synth 8-6157] synthesizing module 'design_1_axis_subset_converter_in_0' [/home/bzhao30/ENGS128/Lab4/hw/hw.gen/sources_1/bd/design_1/ip/design_1_axis_subset_converter_in_0/synth/design_1_axis_subset_converter_in_0.v:53]
INFO: [Synth 8-6157] synthesizing module 'top_design_1_axis_subset_converter_in_0' [/home/bzhao30/ENGS128/Lab4/hw/hw.gen/sources_1/bd/design_1/ip/design_1_axis_subset_converter_in_0/hdl/top_design_1_axis_subset_converter_in_0.v:60]
INFO: [Synth 8-6157] synthesizing module 'axis_subset_converter_v1_1_28_core' [/home/bzhao30/ENGS128/Lab4/hw/hw.gen/sources_1/bd/design_1/ipshared/d78a/hdl/axis_subset_converter_v1_1_vl_rfs.v:62]
INFO: [Synth 8-6155] done synthesizing module 'axis_subset_converter_v1_1_28_core' (0#1) [/home/bzhao30/ENGS128/Lab4/hw/hw.gen/sources_1/bd/design_1/ipshared/d78a/hdl/axis_subset_converter_v1_1_vl_rfs.v:62]
INFO: [Synth 8-6157] synthesizing module 'tdata_design_1_axis_subset_converter_in_0' [/home/bzhao30/ENGS128/Lab4/hw/hw.gen/sources_1/bd/design_1/ip/design_1_axis_subset_converter_in_0/hdl/tdata_design_1_axis_subset_converter_in_0.v:48]
INFO: [Synth 8-6155] done synthesizing module 'tdata_design_1_axis_subset_converter_in_0' (0#1) [/home/bzhao30/ENGS128/Lab4/hw/hw.gen/sources_1/bd/design_1/ip/design_1_axis_subset_converter_in_0/hdl/tdata_design_1_axis_subset_converter_in_0.v:48]
INFO: [Synth 8-6157] synthesizing module 'tuser_design_1_axis_subset_converter_in_0' [/home/bzhao30/ENGS128/Lab4/hw/hw.gen/sources_1/bd/design_1/ip/design_1_axis_subset_converter_in_0/hdl/tuser_design_1_axis_subset_converter_in_0.v:48]
INFO: [Synth 8-6155] done synthesizing module 'tuser_design_1_axis_subset_converter_in_0' (0#1) [/home/bzhao30/ENGS128/Lab4/hw/hw.gen/sources_1/bd/design_1/ip/design_1_axis_subset_converter_in_0/hdl/tuser_design_1_axis_subset_converter_in_0.v:48]
INFO: [Synth 8-6157] synthesizing module 'tid_design_1_axis_subset_converter_in_0' [/home/bzhao30/ENGS128/Lab4/hw/hw.gen/sources_1/bd/design_1/ip/design_1_axis_subset_converter_in_0/hdl/tid_design_1_axis_subset_converter_in_0.v:48]
INFO: [Synth 8-6155] done synthesizing module 'tid_design_1_axis_subset_converter_in_0' (0#1) [/home/bzhao30/ENGS128/Lab4/hw/hw.gen/sources_1/bd/design_1/ip/design_1_axis_subset_converter_in_0/hdl/tid_design_1_axis_subset_converter_in_0.v:48]
INFO: [Synth 8-6157] synthesizing module 'tdest_design_1_axis_subset_converter_in_0' [/home/bzhao30/ENGS128/Lab4/hw/hw.gen/sources_1/bd/design_1/ip/design_1_axis_subset_converter_in_0/hdl/tdest_design_1_axis_subset_converter_in_0.v:48]
INFO: [Synth 8-6155] done synthesizing module 'tdest_design_1_axis_subset_converter_in_0' (0#1) [/home/bzhao30/ENGS128/Lab4/hw/hw.gen/sources_1/bd/design_1/ip/design_1_axis_subset_converter_in_0/hdl/tdest_design_1_axis_subset_converter_in_0.v:48]
INFO: [Synth 8-6157] synthesizing module 'tstrb_design_1_axis_subset_converter_in_0' [/home/bzhao30/ENGS128/Lab4/hw/hw.gen/sources_1/bd/design_1/ip/design_1_axis_subset_converter_in_0/hdl/tstrb_design_1_axis_subset_converter_in_0.v:48]
INFO: [Synth 8-6155] done synthesizing module 'tstrb_design_1_axis_subset_converter_in_0' (0#1) [/home/bzhao30/ENGS128/Lab4/hw/hw.gen/sources_1/bd/design_1/ip/design_1_axis_subset_converter_in_0/hdl/tstrb_design_1_axis_subset_converter_in_0.v:48]
INFO: [Synth 8-6157] synthesizing module 'tkeep_design_1_axis_subset_converter_in_0' [/home/bzhao30/ENGS128/Lab4/hw/hw.gen/sources_1/bd/design_1/ip/design_1_axis_subset_converter_in_0/hdl/tkeep_design_1_axis_subset_converter_in_0.v:48]
INFO: [Synth 8-6155] done synthesizing module 'tkeep_design_1_axis_subset_converter_in_0' (0#1) [/home/bzhao30/ENGS128/Lab4/hw/hw.gen/sources_1/bd/design_1/ip/design_1_axis_subset_converter_in_0/hdl/tkeep_design_1_axis_subset_converter_in_0.v:48]
INFO: [Synth 8-6157] synthesizing module 'tlast_design_1_axis_subset_converter_in_0' [/home/bzhao30/ENGS128/Lab4/hw/hw.gen/sources_1/bd/design_1/ip/design_1_axis_subset_converter_in_0/hdl/tlast_design_1_axis_subset_converter_in_0.v:48]
INFO: [Synth 8-6155] done synthesizing module 'tlast_design_1_axis_subset_converter_in_0' (0#1) [/home/bzhao30/ENGS128/Lab4/hw/hw.gen/sources_1/bd/design_1/ip/design_1_axis_subset_converter_in_0/hdl/tlast_design_1_axis_subset_converter_in_0.v:48]
INFO: [Synth 8-6155] done synthesizing module 'top_design_1_axis_subset_converter_in_0' (0#1) [/home/bzhao30/ENGS128/Lab4/hw/hw.gen/sources_1/bd/design_1/ip/design_1_axis_subset_converter_in_0/hdl/top_design_1_axis_subset_converter_in_0.v:60]
INFO: [Synth 8-6155] done synthesizing module 'design_1_axis_subset_converter_in_0' (0#1) [/home/bzhao30/ENGS128/Lab4/hw/hw.gen/sources_1/bd/design_1/ip/design_1_axis_subset_converter_in_0/synth/design_1_axis_subset_converter_in_0.v:53]
WARNING: [Synth 8-7129] Port tid[0] in module tlast_design_1_axis_subset_converter_in_0 is either unconnected or has no load
WARNING: [Synth 8-7129] Port tdata[23] in module tlast_design_1_axis_subset_converter_in_0 is either unconnected or has no load
WARNING: [Synth 8-7129] Port tdata[22] in module tlast_design_1_axis_subset_converter_in_0 is either unconnected or has no load
WARNING: [Synth 8-7129] Port tdata[21] in module tlast_design_1_axis_subset_converter_in_0 is either unconnected or has no load
WARNING: [Synth 8-7129] Port tdata[20] in module tlast_design_1_axis_subset_converter_in_0 is either unconnected or has no load
WARNING: [Synth 8-7129] Port tdata[19] in module tlast_design_1_axis_subset_converter_in_0 is either unconnected or has no load
WARNING: [Synth 8-7129] Port tdata[18] in module tlast_design_1_axis_subset_converter_in_0 is either unconnected or has no load
WARNING: [Synth 8-7129] Port tdata[17] in module tlast_design_1_axis_subset_converter_in_0 is either unconnected or has no load
WARNING: [Synth 8-7129] Port tdata[16] in module tlast_design_1_axis_subset_converter_in_0 is either unconnected or has no load
WARNING: [Synth 8-7129] Port tdata[15] in module tlast_design_1_axis_subset_converter_in_0 is either unconnected or has no load
WARNING: [Synth 8-7129] Port tdata[14] in module tlast_design_1_axis_subset_converter_in_0 is either unconnected or has no load
WARNING: [Synth 8-7129] Port tdata[13] in module tlast_design_1_axis_subset_converter_in_0 is either unconnected or has no load
WARNING: [Synth 8-7129] Port tdata[12] in module tlast_design_1_axis_subset_converter_in_0 is either unconnected or has no load
WARNING: [Synth 8-7129] Port tdata[11] in module tlast_design_1_axis_subset_converter_in_0 is either unconnected or has no load
WARNING: [Synth 8-7129] Port tdata[10] in module tlast_design_1_axis_subset_converter_in_0 is either unconnected or has no load
WARNING: [Synth 8-7129] Port tdata[9] in module tlast_design_1_axis_subset_converter_in_0 is either unconnected or has no load
WARNING: [Synth 8-7129] Port tdata[8] in module tlast_design_1_axis_subset_converter_in_0 is either unconnected or has no load
WARNING: [Synth 8-7129] Port tdata[7] in module tlast_design_1_axis_subset_converter_in_0 is either unconnected or has no load
WARNING: [Synth 8-7129] Port tdata[6] in module tlast_design_1_axis_subset_converter_in_0 is either unconnected or has no load
WARNING: [Synth 8-7129] Port tdata[5] in module tlast_design_1_axis_subset_converter_in_0 is either unconnected or has no load
WARNING: [Synth 8-7129] Port tdata[4] in module tlast_design_1_axis_subset_converter_in_0 is either unconnected or has no load
WARNING: [Synth 8-7129] Port tdata[3] in module tlast_design_1_axis_subset_converter_in_0 is either unconnected or has no load
WARNING: [Synth 8-7129] Port tdata[2] in module tlast_design_1_axis_subset_converter_in_0 is either unconnected or has no load
WARNING: [Synth 8-7129] Port tdata[1] in module tlast_design_1_axis_subset_converter_in_0 is either unconnected or has no load
WARNING: [Synth 8-7129] Port tdata[0] in module tlast_design_1_axis_subset_converter_in_0 is either unconnected or has no load
WARNING: [Synth 8-7129] Port tuser[0] in module tlast_design_1_axis_subset_converter_in_0 is either unconnected or has no load
WARNING: [Synth 8-7129] Port tdest[0] in module tlast_design_1_axis_subset_converter_in_0 is either unconnected or has no load
WARNING: [Synth 8-7129] Port tkeep[2] in module tlast_design_1_axis_subset_converter_in_0 is either unconnected or has no load
WARNING: [Synth 8-7129] Port tkeep[1] in module tlast_design_1_axis_subset_converter_in_0 is either unconnected or has no load
WARNING: [Synth 8-7129] Port tkeep[0] in module tlast_design_1_axis_subset_converter_in_0 is either unconnected or has no load
WARNING: [Synth 8-7129] Port tstrb[2] in module tlast_design_1_axis_subset_converter_in_0 is either unconnected or has no load
WARNING: [Synth 8-7129] Port tstrb[1] in module tlast_design_1_axis_subset_converter_in_0 is either unconnected or has no load
WARNING: [Synth 8-7129] Port tstrb[0] in module tlast_design_1_axis_subset_converter_in_0 is either unconnected or has no load
WARNING: [Synth 8-7129] Port tdata[23] in module tkeep_design_1_axis_subset_converter_in_0 is either unconnected or has no load
WARNING: [Synth 8-7129] Port tdata[22] in module tkeep_design_1_axis_subset_converter_in_0 is either unconnected or has no load
WARNING: [Synth 8-7129] Port tdata[21] in module tkeep_design_1_axis_subset_converter_in_0 is either unconnected or has no load
WARNING: [Synth 8-7129] Port tdata[20] in module tkeep_design_1_axis_subset_converter_in_0 is either unconnected or has no load
WARNING: [Synth 8-7129] Port tdata[19] in module tkeep_design_1_axis_subset_converter_in_0 is either unconnected or has no load
WARNING: [Synth 8-7129] Port tdata[18] in module tkeep_design_1_axis_subset_converter_in_0 is either unconnected or has no load
WARNING: [Synth 8-7129] Port tdata[17] in module tkeep_design_1_axis_subset_converter_in_0 is either unconnected or has no load
WARNING: [Synth 8-7129] Port tdata[16] in module tkeep_design_1_axis_subset_converter_in_0 is either unconnected or has no load
WARNING: [Synth 8-7129] Port tdata[15] in module tkeep_design_1_axis_subset_converter_in_0 is either unconnected or has no load
WARNING: [Synth 8-7129] Port tdata[14] in module tkeep_design_1_axis_subset_converter_in_0 is either unconnected or has no load
WARNING: [Synth 8-7129] Port tdata[13] in module tkeep_design_1_axis_subset_converter_in_0 is either unconnected or has no load
WARNING: [Synth 8-7129] Port tdata[12] in module tkeep_design_1_axis_subset_converter_in_0 is either unconnected or has no load
WARNING: [Synth 8-7129] Port tdata[11] in module tkeep_design_1_axis_subset_converter_in_0 is either unconnected or has no load
WARNING: [Synth 8-7129] Port tdata[10] in module tkeep_design_1_axis_subset_converter_in_0 is either unconnected or has no load
WARNING: [Synth 8-7129] Port tdata[9] in module tkeep_design_1_axis_subset_converter_in_0 is either unconnected or has no load
WARNING: [Synth 8-7129] Port tdata[8] in module tkeep_design_1_axis_subset_converter_in_0 is either unconnected or has no load
WARNING: [Synth 8-7129] Port tdata[7] in module tkeep_design_1_axis_subset_converter_in_0 is either unconnected or has no load
WARNING: [Synth 8-7129] Port tdata[6] in module tkeep_design_1_axis_subset_converter_in_0 is either unconnected or has no load
WARNING: [Synth 8-7129] Port tdata[5] in module tkeep_design_1_axis_subset_converter_in_0 is either unconnected or has no load
WARNING: [Synth 8-7129] Port tdata[4] in module tkeep_design_1_axis_subset_converter_in_0 is either unconnected or has no load
WARNING: [Synth 8-7129] Port tdata[3] in module tkeep_design_1_axis_subset_converter_in_0 is either unconnected or has no load
WARNING: [Synth 8-7129] Port tdata[2] in module tkeep_design_1_axis_subset_converter_in_0 is either unconnected or has no load
WARNING: [Synth 8-7129] Port tdata[1] in module tkeep_design_1_axis_subset_converter_in_0 is either unconnected or has no load
WARNING: [Synth 8-7129] Port tdata[0] in module tkeep_design_1_axis_subset_converter_in_0 is either unconnected or has no load
WARNING: [Synth 8-7129] Port tuser[0] in module tkeep_design_1_axis_subset_converter_in_0 is either unconnected or has no load
WARNING: [Synth 8-7129] Port tid[0] in module tkeep_design_1_axis_subset_converter_in_0 is either unconnected or has no load
WARNING: [Synth 8-7129] Port tdest[0] in module tkeep_design_1_axis_subset_converter_in_0 is either unconnected or has no load
WARNING: [Synth 8-7129] Port tkeep[2] in module tkeep_design_1_axis_subset_converter_in_0 is either unconnected or has no load
WARNING: [Synth 8-7129] Port tkeep[1] in module tkeep_design_1_axis_subset_converter_in_0 is either unconnected or has no load
WARNING: [Synth 8-7129] Port tkeep[0] in module tkeep_design_1_axis_subset_converter_in_0 is either unconnected or has no load
WARNING: [Synth 8-7129] Port tstrb[2] in module tkeep_design_1_axis_subset_converter_in_0 is either unconnected or has no load
WARNING: [Synth 8-7129] Port tstrb[1] in module tkeep_design_1_axis_subset_converter_in_0 is either unconnected or has no load
WARNING: [Synth 8-7129] Port tstrb[0] in module tkeep_design_1_axis_subset_converter_in_0 is either unconnected or has no load
WARNING: [Synth 8-7129] Port tlast in module tkeep_design_1_axis_subset_converter_in_0 is either unconnected or has no load
WARNING: [Synth 8-7129] Port tdata[23] in module tstrb_design_1_axis_subset_converter_in_0 is either unconnected or has no load
WARNING: [Synth 8-7129] Port tdata[22] in module tstrb_design_1_axis_subset_converter_in_0 is either unconnected or has no load
WARNING: [Synth 8-7129] Port tdata[21] in module tstrb_design_1_axis_subset_converter_in_0 is either unconnected or has no load
WARNING: [Synth 8-7129] Port tdata[20] in module tstrb_design_1_axis_subset_converter_in_0 is either unconnected or has no load
WARNING: [Synth 8-7129] Port tdata[19] in module tstrb_design_1_axis_subset_converter_in_0 is either unconnected or has no load
WARNING: [Synth 8-7129] Port tdata[18] in module tstrb_design_1_axis_subset_converter_in_0 is either unconnected or has no load
WARNING: [Synth 8-7129] Port tdata[17] in module tstrb_design_1_axis_subset_converter_in_0 is either unconnected or has no load
WARNING: [Synth 8-7129] Port tdata[16] in module tstrb_design_1_axis_subset_converter_in_0 is either unconnected or has no load
WARNING: [Synth 8-7129] Port tdata[15] in module tstrb_design_1_axis_subset_converter_in_0 is either unconnected or has no load
WARNING: [Synth 8-7129] Port tdata[14] in module tstrb_design_1_axis_subset_converter_in_0 is either unconnected or has no load
WARNING: [Synth 8-7129] Port tdata[13] in module tstrb_design_1_axis_subset_converter_in_0 is either unconnected or has no load
WARNING: [Synth 8-7129] Port tdata[12] in module tstrb_design_1_axis_subset_converter_in_0 is either unconnected or has no load
WARNING: [Synth 8-7129] Port tdata[11] in module tstrb_design_1_axis_subset_converter_in_0 is either unconnected or has no load
WARNING: [Synth 8-7129] Port tdata[10] in module tstrb_design_1_axis_subset_converter_in_0 is either unconnected or has no load
WARNING: [Synth 8-7129] Port tdata[9] in module tstrb_design_1_axis_subset_converter_in_0 is either unconnected or has no load
WARNING: [Synth 8-7129] Port tdata[8] in module tstrb_design_1_axis_subset_converter_in_0 is either unconnected or has no load
WARNING: [Synth 8-7129] Port tdata[7] in module tstrb_design_1_axis_subset_converter_in_0 is either unconnected or has no load
WARNING: [Synth 8-7129] Port tdata[6] in module tstrb_design_1_axis_subset_converter_in_0 is either unconnected or has no load
WARNING: [Synth 8-7129] Port tdata[5] in module tstrb_design_1_axis_subset_converter_in_0 is either unconnected or has no load
WARNING: [Synth 8-7129] Port tdata[4] in module tstrb_design_1_axis_subset_converter_in_0 is either unconnected or has no load
WARNING: [Synth 8-7129] Port tdata[3] in module tstrb_design_1_axis_subset_converter_in_0 is either unconnected or has no load
WARNING: [Synth 8-7129] Port tdata[2] in module tstrb_design_1_axis_subset_converter_in_0 is either unconnected or has no load
WARNING: [Synth 8-7129] Port tdata[1] in module tstrb_design_1_axis_subset_converter_in_0 is either unconnected or has no load
WARNING: [Synth 8-7129] Port tdata[0] in module tstrb_design_1_axis_subset_converter_in_0 is either unconnected or has no load
WARNING: [Synth 8-7129] Port tuser[0] in module tstrb_design_1_axis_subset_converter_in_0 is either unconnected or has no load
WARNING: [Synth 8-7129] Port tid[0] in module tstrb_design_1_axis_subset_converter_in_0 is either unconnected or has no load
WARNING: [Synth 8-7129] Port tdest[0] in module tstrb_design_1_axis_subset_converter_in_0 is either unconnected or has no load
WARNING: [Synth 8-7129] Port tkeep[2] in module tstrb_design_1_axis_subset_converter_in_0 is either unconnected or has no load
WARNING: [Synth 8-7129] Port tkeep[1] in module tstrb_design_1_axis_subset_converter_in_0 is either unconnected or has no load
WARNING: [Synth 8-7129] Port tkeep[0] in module tstrb_design_1_axis_subset_converter_in_0 is either unconnected or has no load
WARNING: [Synth 8-7129] Port tstrb[2] in module tstrb_design_1_axis_subset_converter_in_0 is either unconnected or has no load
WARNING: [Synth 8-7129] Port tstrb[1] in module tstrb_design_1_axis_subset_converter_in_0 is either unconnected or has no load
WARNING: [Synth 8-7129] Port tstrb[0] in module tstrb_design_1_axis_subset_converter_in_0 is either unconnected or has no load
INFO: [Common 17-14] Message 'Synth 8-7129' appears 100 times and further instances of the messages will be disabled. Use the Tcl command set_msg_config to change the current settings.
---------------------------------------------------------------------------------
Finished RTL Elaboration : Time (s): cpu = 00:00:08 ; elapsed = 00:00:09 . Memory (MB): peak = 2077.957 ; gain = 450.586 ; free physical = 1010 ; free virtual = 3662
---------------------------------------------------------------------------------
---------------------------------------------------------------------------------
Start Handling Custom Attributes
---------------------------------------------------------------------------------
---------------------------------------------------------------------------------
Finished Handling Custom Attributes : Time (s): cpu = 00:00:08 ; elapsed = 00:00:09 . Memory (MB): peak = 2095.770 ; gain = 468.398 ; free physical = 998 ; free virtual = 3650
---------------------------------------------------------------------------------
---------------------------------------------------------------------------------
Finished RTL Optimization Phase 1 : Time (s): cpu = 00:00:08 ; elapsed = 00:00:09 . Memory (MB): peak = 2095.770 ; gain = 468.398 ; free physical = 997 ; free virtual = 3649
---------------------------------------------------------------------------------
Netlist sorting complete. Time (s): cpu = 00:00:00 ; elapsed = 00:00:00 . Memory (MB): peak = 2095.770 ; gain = 0.000 ; free physical = 991 ; free virtual = 3643
INFO: [Project 1-570] Preparing netlist for logic optimization

Processing XDC Constraints
Initializing timing engine
Parsing XDC File [/home/bzhao30/ENGS128/Lab4/hw/hw.gen/sources_1/bd/design_1/ip/design_1_axis_subset_converter_in_0/design_1_axis_subset_converter_in_0_ooc.xdc] for cell 'inst'
Finished Parsing XDC File [/home/bzhao30/ENGS128/Lab4/hw/hw.gen/sources_1/bd/design_1/ip/design_1_axis_subset_converter_in_0/design_1_axis_subset_converter_in_0_ooc.xdc] for cell 'inst'
Parsing XDC File [/home/bzhao30/ENGS128/Lab4/hw/hw.runs/design_1_axis_subset_converter_in_0_synth_1/dont_touch.xdc]
Finished Parsing XDC File [/home/bzhao30/ENGS128/Lab4/hw/hw.runs/design_1_axis_subset_converter_in_0_synth_1/dont_touch.xdc]
Completed Processing XDC Constraints

Netlist sorting complete. Time (s): cpu = 00:00:00 ; elapsed = 00:00:00 . Memory (MB): peak = 2165.738 ; gain = 0.000 ; free physical = 556 ; free virtual = 3209
INFO: [Project 1-111] Unisim Transformation Summary:
No Unisim elements were transformed.

Constraint Validation Runtime : Time (s): cpu = 00:00:00.02 ; elapsed = 00:00:00.01 . Memory (MB): peak = 2165.738 ; gain = 0.000 ; free physical = 552 ; free virtual = 3205
INFO: [Designutils 20-5008] Incremental synthesis strategy off
---------------------------------------------------------------------------------
Finished Constraint Validation : Time (s): cpu = 00:00:17 ; elapsed = 00:00:18 . Memory (MB): peak = 2165.738 ; gain = 538.367 ; free physical = 179 ; free virtual = 2664
---------------------------------------------------------------------------------
---------------------------------------------------------------------------------
Start Loading Part and Timing Information
---------------------------------------------------------------------------------
Loading part: xc7z010clg400-1
---------------------------------------------------------------------------------
Finished Loading Part and Timing Information : Time (s): cpu = 00:00:17 ; elapsed = 00:00:18 . Memory (MB): peak = 2165.738 ; gain = 538.367 ; free physical = 179 ; free virtual = 2664
---------------------------------------------------------------------------------
---------------------------------------------------------------------------------
Start Applying 'set_property' XDC Constraints
---------------------------------------------------------------------------------
Applied set_property KEEP_HIERARCHY = SOFT for inst. (constraint file  /home/bzhao30/ENGS128/Lab4/hw/hw.runs/design_1_axis_subset_converter_in_0_synth_1/dont_touch.xdc, line 9).
---------------------------------------------------------------------------------
Finished applying 'set_property' XDC Constraints : Time (s): cpu = 00:00:17 ; elapsed = 00:00:18 . Memory (MB): peak = 2165.738 ; gain = 538.367 ; free physical = 179 ; free virtual = 2664
---------------------------------------------------------------------------------
---------------------------------------------------------------------------------
Finished RTL Optimization Phase 2 : Time (s): cpu = 00:00:18 ; elapsed = 00:00:18 . Memory (MB): peak = 2165.738 ; gain = 538.367 ; free physical = 174 ; free virtual = 2654
---------------------------------------------------------------------------------
---------------------------------------------------------------------------------
Start RTL Component Statistics 
---------------------------------------------------------------------------------
Detailed RTL Component Info : 
---------------------------------------------------------------------------------
Finished RTL Component Statistics 
---------------------------------------------------------------------------------
---------------------------------------------------------------------------------
Start Part Resource Summary
---------------------------------------------------------------------------------
Part Resources:
DSPs: 80 (col length:40)
BRAMs: 120 (col length: RAMB18 40 RAMB36 20)
---------------------------------------------------------------------------------
Finished Part Resource Summary
---------------------------------------------------------------------------------
---------------------------------------------------------------------------------
Start Cross Boundary and Area Optimization
---------------------------------------------------------------------------------
WARNING: [Synth 8-7080] Parallel synthesis criteria is not met
---------------------------------------------------------------------------------
Finished Cross Boundary and Area Optimization : Time (s): cpu = 00:00:19 ; elapsed = 00:00:20 . Memory (MB): peak = 2165.738 ; gain = 538.367 ; free physical = 164 ; free virtual = 2632
---------------------------------------------------------------------------------
---------------------------------------------------------------------------------
Start Applying XDC Timing Constraints
---------------------------------------------------------------------------------
---------------------------------------------------------------------------------
Finished Applying XDC Timing Constraints : Time (s): cpu = 00:00:27 ; elapsed = 00:00:27 . Memory (MB): peak = 2165.738 ; gain = 538.367 ; free physical = 3407 ; free virtual = 5831
---------------------------------------------------------------------------------
---------------------------------------------------------------------------------
Start Timing Optimization
---------------------------------------------------------------------------------
---------------------------------------------------------------------------------
Finished Timing Optimization : Time (s): cpu = 00:00:27 ; elapsed = 00:00:27 . Memory (MB): peak = 2165.738 ; gain = 538.367 ; free physical = 3407 ; free virtual = 5831
---------------------------------------------------------------------------------
---------------------------------------------------------------------------------
Start Technology Mapping
---------------------------------------------------------------------------------
---------------------------------------------------------------------------------
Finished Technology Mapping : Time (s): cpu = 00:00:27 ; elapsed = 00:00:27 . Memory (MB): peak = 2165.738 ; gain = 538.367 ; free physical = 3406 ; free virtual = 5831
---------------------------------------------------------------------------------
---------------------------------------------------------------------------------
Start IO Insertion
---------------------------------------------------------------------------------
---------------------------------------------------------------------------------
Start Flattening Before IO Insertion
---------------------------------------------------------------------------------
---------------------------------------------------------------------------------
Finished Flattening Before IO Insertion
---------------------------------------------------------------------------------
---------------------------------------------------------------------------------
Start Final Netlist Cleanup
---------------------------------------------------------------------------------
---------------------------------------------------------------------------------
Finished Final Netlist Cleanup
---------------------------------------------------------------------------------
---------------------------------------------------------------------------------
Finished IO Insertion : Time (s): cpu = 00:00:32 ; elapsed = 00:00:33 . Memory (MB): peak = 2165.738 ; gain = 538.367 ; free physical = 5238 ; free virtual = 7676
---------------------------------------------------------------------------------
---------------------------------------------------------------------------------
Start Renaming Generated Instances
---------------------------------------------------------------------------------
---------------------------------------------------------------------------------
Finished Renaming Generated Instances : Time (s): cpu = 00:00:32 ; elapsed = 00:00:33 . Memory (MB): peak = 2165.738 ; gain = 538.367 ; free physical = 5238 ; free virtual = 7676
---------------------------------------------------------------------------------
---------------------------------------------------------------------------------
Start Rebuilding User Hierarchy
---------------------------------------------------------------------------------
---------------------------------------------------------------------------------
Finished Rebuilding User Hierarchy : Time (s): cpu = 00:00:32 ; elapsed = 00:00:33 . Memory (MB): peak = 2165.738 ; gain = 538.367 ; free physical = 5238 ; free virtual = 7676
---------------------------------------------------------------------------------
---------------------------------------------------------------------------------
Start Renaming Generated Ports
---------------------------------------------------------------------------------
---------------------------------------------------------------------------------
Finished Renaming Generated Ports : Time (s): cpu = 00:00:32 ; elapsed = 00:00:33 . Memory (MB): peak = 2165.738 ; gain = 538.367 ; free physical = 5238 ; free virtual = 7676
---------------------------------------------------------------------------------
---------------------------------------------------------------------------------
Start Handling Custom Attributes
---------------------------------------------------------------------------------
---------------------------------------------------------------------------------
Finished Handling Custom Attributes : Time (s): cpu = 00:00:32 ; elapsed = 00:00:33 . Memory (MB): peak = 2165.738 ; gain = 538.367 ; free physical = 5238 ; free virtual = 7676
---------------------------------------------------------------------------------
---------------------------------------------------------------------------------
Start Renaming Generated Nets
---------------------------------------------------------------------------------
---------------------------------------------------------------------------------
Finished Renaming Generated Nets : Time (s): cpu = 00:00:32 ; elapsed = 00:00:33 . Memory (MB): peak = 2165.738 ; gain = 538.367 ; free physical = 5238 ; free virtual = 7676
---------------------------------------------------------------------------------
---------------------------------------------------------------------------------
Start Writing Synthesis Report
---------------------------------------------------------------------------------

Report BlackBoxes: 
+-+--------------+----------+
| |BlackBox name |Instances |
+-+--------------+----------+
+-+--------------+----------+

Report Cell Usage: 
+-+-----+------+
| |Cell |Count |
+-+-----+------+
+-+-----+------+
---------------------------------------------------------------------------------
Finished Writing Synthesis Report : Time (s): cpu = 00:00:32 ; elapsed = 00:00:33 . Memory (MB): peak = 2165.738 ; gain = 538.367 ; free physical = 5238 ; free virtual = 7676
---------------------------------------------------------------------------------
Synthesis finished with 0 errors, 0 critical warnings and 12 warnings.
Synthesis Optimization Runtime : Time (s): cpu = 00:00:30 ; elapsed = 00:00:31 . Memory (MB): peak = 2165.738 ; gain = 468.398 ; free physical = 5228 ; free virtual = 7667
Synthesis Optimization Complete : Time (s): cpu = 00:00:33 ; elapsed = 00:00:33 . Memory (MB): peak = 2165.738 ; gain = 538.367 ; free physical = 5228 ; free virtual = 7667
INFO: [Project 1-571] Translating synthesized netlist
Netlist sorting complete. Time (s): cpu = 00:00:00 ; elapsed = 00:00:00 . Memory (MB): peak = 2165.738 ; gain = 0.000 ; free physical = 5228 ; free virtual = 7667
INFO: [Project 1-570] Preparing netlist for logic optimization
INFO: [Opt 31-138] Pushed 0 inverter(s) to 0 load pin(s).
Netlist sorting complete. Time (s): cpu = 00:00:00 ; elapsed = 00:00:00 . Memory (MB): peak = 2165.738 ; gain = 0.000 ; free physical = 5504 ; free virtual = 7932
INFO: [Project 1-111] Unisim Transformation Summary:
No Unisim elements were transformed.

Synth Design complete | Checksum: 28b65dd9
INFO: [Common 17-83] Releasing license: Synthesis
38 Infos, 101 Warnings, 0 Critical Warnings and 0 Errors encountered.
synth_design completed successfully
synth_design: Time (s): cpu = 00:00:45 ; elapsed = 00:00:40 . Memory (MB): peak = 2165.738 ; gain = 829.879 ; free physical = 5500 ; free virtual = 7928
INFO: [Common 17-2834] synth_design peak Physical Memory [PSS] (MB): overall = 1563.021; main = 1252.201; forked = 311.210
INFO: [Common 17-2834] synth_design peak Virtual Memory [VSS] (MB): overall = 3111.812; main = 2133.727; forked = 978.086
INFO: [Common 17-1381] The checkpoint '/home/bzhao30/ENGS128/Lab4/hw/hw.runs/design_1_axis_subset_converter_in_0_synth_1/design_1_axis_subset_converter_in_0.dcp' has been generated.
INFO: [Coretcl 2-1648] Added synthesis output to IP cache for IP design_1_axis_subset_converter_in_0, cache-ID = 329046d4260b26c0
INFO: [Common 17-1381] The checkpoint '/home/bzhao30/ENGS128/Lab4/hw/hw.runs/design_1_axis_subset_converter_in_0_synth_1/design_1_axis_subset_converter_in_0.dcp' has been generated.
INFO: [runtcl-4] Executing : report_utilization -file design_1_axis_subset_converter_in_0_utilization_synth.rpt -pb design_1_axis_subset_converter_in_0_utilization_synth.pb
INFO: [Common 17-206] Exiting Vivado at Tue May 27 14:53:46 2025...
