
*** Running vivado
    with args -log design_1_s01_regslice_0.vds -m64 -product Vivado -mode batch -messageDb vivado.pb -notrace -source design_1_s01_regslice_0.tcl


****** Vivado v2023.1 (64-bit)
  **** SW Build 3865809 on Sun May  7 15:04:56 MDT 2023
  **** IP Build 3864474 on Sun May  7 20:36:21 MDT 2023
  **** SharedData Build 3865790 on Sun May 07 13:33:03 MDT 2023
    ** Copyright 1986-2022 Xilinx, Inc. All Rights Reserved.
    ** Copyright 2022-2023 Advanced Micro Devices, Inc. All Rights Reserved.

source design_1_s01_regslice_0.tcl -notrace
create_project: Time (s): cpu = 00:00:22 ; elapsed = 00:00:22 . Memory (MB): peak = 1366.500 ; gain = 0.023 ; free physical = 6713 ; free virtual = 9571
INFO: [IP_Flow 19-234] Refreshing IP repositories
INFO: [IP_Flow 19-1700] Loaded user IP repository '/home/bzhao30/ENGS128/Lab4/hw/hw.ipdefs/repo'.
INFO: [IP_Flow 19-2313] Loaded Vivado IP repository '/opt/xilinx/Vivado/2023.1/data/ip'.
INFO: [IP_Flow 19-6924] IPCACHE: Running cache check for IP inst: design_1_s01_regslice_0
Command: synth_design -top design_1_s01_regslice_0 -part xc7z010clg400-1 -incremental_mode off -mode out_of_context
Starting synth_design
Attempting to get a license for feature 'Synthesis' and/or device 'xc7z010'
INFO: [Common 17-349] Got license for feature 'Synthesis' and/or device 'xc7z010'
INFO: [Device 21-403] Loading part xc7z010clg400-1
INFO: [Synth 8-7079] Multithreading enabled for synth_design using a maximum of 4 processes.
INFO: [Synth 8-7078] Launching helper process for spawning children vivado processes
INFO: [Synth 8-7075] Helper process launched with PID 8960
---------------------------------------------------------------------------------
Starting RTL Elaboration : Time (s): cpu = 00:00:15 ; elapsed = 00:00:30 . Memory (MB): peak = 2006.418 ; gain = 376.711 ; free physical = 145 ; free virtual = 757
---------------------------------------------------------------------------------
INFO: [Synth 8-6157] synthesizing module 'design_1_s01_regslice_0' [/home/bzhao30/ENGS128/Lab4/hw/hw.gen/sources_1/bd/design_1/ip/design_1_s01_regslice_0/synth/design_1_s01_regslice_0.v:53]
INFO: [Synth 8-6157] synthesizing module 'axi_register_slice_v2_1_28_axi_register_slice' [/home/bzhao30/ENGS128/Lab4/hw/hw.gen/sources_1/bd/design_1/ipshared/87d1/hdl/axi_register_slice_v2_1_vl_rfs.v:3725]
INFO: [Synth 8-6157] synthesizing module 'axi_infrastructure_v1_1_0_axi2vector' [/home/bzhao30/ENGS128/Lab4/hw/hw.gen/sources_1/bd/design_1/ipshared/ec67/hdl/axi_infrastructure_v1_1_vl_rfs.v:59]
INFO: [Synth 8-6155] done synthesizing module 'axi_infrastructure_v1_1_0_axi2vector' (0#1) [/home/bzhao30/ENGS128/Lab4/hw/hw.gen/sources_1/bd/design_1/ipshared/ec67/hdl/axi_infrastructure_v1_1_vl_rfs.v:59]
INFO: [Synth 8-6157] synthesizing module 'axi_infrastructure_v1_1_0_vector2axi' [/home/bzhao30/ENGS128/Lab4/hw/hw.gen/sources_1/bd/design_1/ipshared/ec67/hdl/axi_infrastructure_v1_1_vl_rfs.v:473]
INFO: [Synth 8-6155] done synthesizing module 'axi_infrastructure_v1_1_0_vector2axi' (0#1) [/home/bzhao30/ENGS128/Lab4/hw/hw.gen/sources_1/bd/design_1/ipshared/ec67/hdl/axi_infrastructure_v1_1_vl_rfs.v:473]
INFO: [Synth 8-6157] synthesizing module 'axi_register_slice_v2_1_28_axic_register_slice' [/home/bzhao30/ENGS128/Lab4/hw/hw.gen/sources_1/bd/design_1/ipshared/87d1/hdl/axi_register_slice_v2_1_vl_rfs.v:1497]
INFO: [Synth 8-6155] done synthesizing module 'axi_register_slice_v2_1_28_axic_register_slice' (0#1) [/home/bzhao30/ENGS128/Lab4/hw/hw.gen/sources_1/bd/design_1/ipshared/87d1/hdl/axi_register_slice_v2_1_vl_rfs.v:1497]
INFO: [Synth 8-6157] synthesizing module 'axi_register_slice_v2_1_28_axic_register_slice__parameterized0' [/home/bzhao30/ENGS128/Lab4/hw/hw.gen/sources_1/bd/design_1/ipshared/87d1/hdl/axi_register_slice_v2_1_vl_rfs.v:1497]
INFO: [Synth 8-6155] done synthesizing module 'axi_register_slice_v2_1_28_axic_register_slice__parameterized0' (0#1) [/home/bzhao30/ENGS128/Lab4/hw/hw.gen/sources_1/bd/design_1/ipshared/87d1/hdl/axi_register_slice_v2_1_vl_rfs.v:1497]
